2015-01-23 10:22:15 Error: [Cake\Routing\Exception\MissingControllerException] Controller class Css could not be found.
Exception Attributes: array (
  'class' => 'Css',
  'plugin' => NULL,
  'prefix' => NULL,
  '_ext' => NULL,
)
Request URL: /css/font-awesome/css/font-awesome.min.css
Stack Trace:
#0 /var/www/clients/client2/web18/web/webroot/index.php(37): Cake\Routing\Dispatcher->dispatch(Object(Cake\Network\Request), Object(Cake\Network\Response))
#1 {main}


2015-01-23 10:22:49 Error: [Cake\Routing\Exception\MissingControllerException] Controller class Css could not be found.
Exception Attributes: array (
  'class' => 'Css',
  'plugin' => NULL,
  'prefix' => NULL,
  '_ext' => NULL,
)
Request URL: /css/font-awesome/css/font-awesome.min.css
Stack Trace:
#0 /var/www/clients/client2/web18/web/webroot/index.php(37): Cake\Routing\Dispatcher->dispatch(Object(Cake\Network\Request), Object(Cake\Network\Response))
#1 {main}


2015-01-23 10:22:50 Error: [Cake\Routing\Exception\MissingControllerException] Controller class Css could not be found.
Exception Attributes: array (
  'class' => 'Css',
  'plugin' => NULL,
  'prefix' => NULL,
  '_ext' => NULL,
)
Request URL: /css/font-awesome/css/font-awesome.min.css
Stack Trace:
#0 /var/www/clients/client2/web18/web/webroot/index.php(37): Cake\Routing\Dispatcher->dispatch(Object(Cake\Network\Request), Object(Cake\Network\Response))
#1 {main}


2015-01-23 10:22:50 Error: [Cake\Routing\Exception\MissingControllerException] Controller class Css could not be found.
Exception Attributes: array (
  'class' => 'Css',
  'plugin' => NULL,
  'prefix' => NULL,
  '_ext' => NULL,
)
Request URL: /css/font-awesome/css/font-awesome.min.css
Stack Trace:
#0 /var/www/clients/client2/web18/web/webroot/index.php(37): Cake\Routing\Dispatcher->dispatch(Object(Cake\Network\Request), Object(Cake\Network\Response))
#1 {main}


2015-01-23 10:23:15 Error: [Cake\Routing\Exception\MissingControllerException] Controller class Css could not be found.
Exception Attributes: array (
  'class' => 'Css',
  'plugin' => NULL,
  'prefix' => NULL,
  '_ext' => NULL,
)
Request URL: /css/font-awesome/css/font-awesome.min.css
Stack Trace:
#0 /var/www/clients/client2/web18/web/webroot/index.php(37): Cake\Routing\Dispatcher->dispatch(Object(Cake\Network\Request), Object(Cake\Network\Response))
#1 {main}


2015-01-23 10:23:16 Error: [Cake\Routing\Exception\MissingControllerException] Controller class Css could not be found.
Exception Attributes: array (
  'class' => 'Css',
  'plugin' => NULL,
  'prefix' => NULL,
  '_ext' => NULL,
)
Request URL: /css/font-awesome/css/font-awesome.min.css
Stack Trace:
#0 /var/www/clients/client2/web18/web/webroot/index.php(37): Cake\Routing\Dispatcher->dispatch(Object(Cake\Network\Request), Object(Cake\Network\Response))
#1 {main}


2015-01-23 10:23:45 Error: [Cake\Routing\Exception\MissingControllerException] Controller class Css could not be found.
Exception Attributes: array (
  'class' => 'Css',
  'plugin' => NULL,
  'prefix' => NULL,
  '_ext' => NULL,
)
Request URL: /css/font-awesome/css/font-awesome.min.css
Stack Trace:
#0 /var/www/clients/client2/web18/web/webroot/index.php(37): Cake\Routing\Dispatcher->dispatch(Object(Cake\Network\Request), Object(Cake\Network\Response))
#1 {main}


2015-01-23 10:23:50 Error: [Cake\Routing\Exception\MissingControllerException] Controller class Css could not be found.
Exception Attributes: array (
  'class' => 'Css',
  'plugin' => NULL,
  'prefix' => NULL,
  '_ext' => NULL,
)
Request URL: /css/font-awesome/css/font-awesome.min.css
Stack Trace:
#0 /var/www/clients/client2/web18/web/webroot/index.php(37): Cake\Routing\Dispatcher->dispatch(Object(Cake\Network\Request), Object(Cake\Network\Response))
#1 {main}


2015-01-23 10:23:51 Error: [Cake\Routing\Exception\MissingControllerException] Controller class Css could not be found.
Exception Attributes: array (
  'class' => 'Css',
  'plugin' => NULL,
  'prefix' => NULL,
  '_ext' => NULL,
)
Request URL: /css/font-awesome/css/font-awesome.min.css
Stack Trace:
#0 /var/www/clients/client2/web18/web/webroot/index.php(37): Cake\Routing\Dispatcher->dispatch(Object(Cake\Network\Request), Object(Cake\Network\Response))
#1 {main}


2015-01-23 10:23:54 Error: [Cake\Routing\Exception\MissingControllerException] Controller class Index.html could not be found.
Exception Attributes: array (
  'class' => 'Index.html',
  'plugin' => NULL,
  'prefix' => NULL,
  '_ext' => NULL,
)
Request URL: /index.html
Stack Trace:
#0 /var/www/clients/client2/web18/web/webroot/index.php(37): Cake\Routing\Dispatcher->dispatch(Object(Cake\Network\Request), Object(Cake\Network\Response))
#1 {main}


2015-01-23 10:23:57 Error: [Cake\Routing\Exception\MissingControllerException] Controller class Charts.html could not be found.
Exception Attributes: array (
  'class' => 'Charts.html',
  'plugin' => NULL,
  'prefix' => NULL,
  '_ext' => NULL,
)
Request URL: /charts.html
Stack Trace:
#0 /var/www/clients/client2/web18/web/webroot/index.php(37): Cake\Routing\Dispatcher->dispatch(Object(Cake\Network\Request), Object(Cake\Network\Response))
#1 {main}


2015-01-23 10:26:59 Error: [Cake\Routing\Exception\MissingControllerException] Controller class Css could not be found.
Exception Attributes: array (
  'class' => 'Css',
  'plugin' => NULL,
  'prefix' => NULL,
  '_ext' => NULL,
)
Request URL: /css/font-awesome/css/font-awesome.min.css
Stack Trace:
#0 /var/www/clients/client2/web18/web/webroot/index.php(37): Cake\Routing\Dispatcher->dispatch(Object(Cake\Network\Request), Object(Cake\Network\Response))
#1 {main}


2015-01-23 11:22:23 Error: [Cake\Routing\Exception\MissingControllerException] Controller class Css could not be found.
Exception Attributes: array (
  'class' => 'Css',
  'plugin' => NULL,
  'prefix' => NULL,
  '_ext' => NULL,
)
Request URL: /css/font-awesome/css/font-awesome.min.css
Stack Trace:
#0 /var/www/clients/client2/web18/web/webroot/index.php(37): Cake\Routing\Dispatcher->dispatch(Object(Cake\Network\Request), Object(Cake\Network\Response))
#1 {main}


2015-01-23 11:22:55 Error: [Cake\Routing\Exception\MissingControllerException] Controller class Css could not be found.
Exception Attributes: array (
  'class' => 'Css',
  'plugin' => NULL,
  'prefix' => NULL,
  '_ext' => NULL,
)
Request URL: /css/font-awesome/css/font-awesome.min.css
Stack Trace:
#0 /var/www/clients/client2/web18/web/webroot/index.php(37): Cake\Routing\Dispatcher->dispatch(Object(Cake\Network\Request), Object(Cake\Network\Response))
#1 {main}


2015-01-23 11:23:51 Error: [Cake\Routing\Exception\MissingControllerException] Controller class Css could not be found.
Exception Attributes: array (
  'class' => 'Css',
  'plugin' => NULL,
  'prefix' => NULL,
  '_ext' => NULL,
)
Request URL: /css/font-awesome/css/font-awesome.min.css
Stack Trace:
#0 /var/www/clients/client2/web18/web/webroot/index.php(37): Cake\Routing\Dispatcher->dispatch(Object(Cake\Network\Request), Object(Cake\Network\Response))
#1 {main}


2015-01-23 11:38:21 Error: [Cake\Routing\Exception\MissingControllerException] Controller class Css could not be found.
Exception Attributes: array (
  'class' => 'Css',
  'plugin' => NULL,
  'prefix' => NULL,
  '_ext' => NULL,
)
Request URL: /css/font-awesome/css/font-awesome.min.css
Stack Trace:
#0 /var/www/clients/client2/web18/web/webroot/index.php(37): Cake\Routing\Dispatcher->dispatch(Object(Cake\Network\Request), Object(Cake\Network\Response))
#1 {main}


2015-01-23 11:39:10 Error: [Cake\Routing\Exception\MissingControllerException] Controller class Css could not be found.
Exception Attributes: array (
  'class' => 'Css',
  'plugin' => NULL,
  'prefix' => NULL,
  '_ext' => NULL,
)
Request URL: /css/font-awesome/css/font-awesome.min.css
Stack Trace:
#0 /var/www/clients/client2/web18/web/webroot/index.php(37): Cake\Routing\Dispatcher->dispatch(Object(Cake\Network\Request), Object(Cake\Network\Response))
#1 {main}


2015-01-23 11:39:14 Error: [Cake\Routing\Exception\MissingControllerException] Controller class Css could not be found.
Exception Attributes: array (
  'class' => 'Css',
  'plugin' => NULL,
  'prefix' => NULL,
  '_ext' => NULL,
)
Request URL: /css/font-awesome/css/font-awesome.min.css
Stack Trace:
#0 /var/www/clients/client2/web18/web/webroot/index.php(37): Cake\Routing\Dispatcher->dispatch(Object(Cake\Network\Request), Object(Cake\Network\Response))
#1 {main}


2015-01-23 11:51:48 Error: [Cake\Routing\Exception\MissingControllerException] Controller class Css could not be found.
Exception Attributes: array (
  'class' => 'Css',
  'plugin' => NULL,
  'prefix' => NULL,
  '_ext' => NULL,
)
Request URL: /css/font-awesome/css/font-awesome.min.css
Stack Trace:
#0 /var/www/clients/client2/web18/web/webroot/index.php(37): Cake\Routing\Dispatcher->dispatch(Object(Cake\Network\Request), Object(Cake\Network\Response))
#1 {main}


2015-01-26 10:56:33 Error: [Cake\Routing\Exception\MissingControllerException] Controller class Css could not be found.
Exception Attributes: array (
  'class' => 'Css',
  'plugin' => NULL,
  'prefix' => NULL,
  '_ext' => NULL,
)
Request URL: /css/font-awesome/css/font-awesome.min.css
Stack Trace:
#0 /var/www/clients/client2/web18/web/webroot/index.php(37): Cake\Routing\Dispatcher->dispatch(Object(Cake\Network\Request), Object(Cake\Network\Response))
#1 {main}


2015-01-26 18:47:27 Error: [Cake\Routing\Exception\MissingControllerException] Controller class Js could not be found.
Exception Attributes: array (
  'class' => 'Js',
  'plugin' => NULL,
  'prefix' => NULL,
  '_ext' => NULL,
)
Request URL: /js/angular/angular.min.js
Stack Trace:
#0 /var/www/clients/client2/web18/web/webroot/index.php(37): Cake\Routing\Dispatcher->dispatch(Object(Cake\Network\Request), Object(Cake\Network\Response))
#1 {main}


2015-01-26 18:47:29 Error: [Cake\Routing\Exception\MissingControllerException] Controller class Js could not be found.
Exception Attributes: array (
  'class' => 'Js',
  'plugin' => NULL,
  'prefix' => NULL,
  '_ext' => NULL,
)
Request URL: /js/angular/angular.min.js
Stack Trace:
#0 /var/www/clients/client2/web18/web/webroot/index.php(37): Cake\Routing\Dispatcher->dispatch(Object(Cake\Network\Request), Object(Cake\Network\Response))
#1 {main}


2015-01-26 18:47:39 Error: [Cake\Routing\Exception\MissingControllerException] Controller class Js could not be found.
Exception Attributes: array (
  'class' => 'Js',
  'plugin' => NULL,
  'prefix' => NULL,
  '_ext' => NULL,
)
Request URL: /js/angular/angular.min.js
Stack Trace:
#0 /var/www/clients/client2/web18/web/webroot/index.php(37): Cake\Routing\Dispatcher->dispatch(Object(Cake\Network\Request), Object(Cake\Network\Response))
#1 {main}


2015-01-26 18:47:52 Error: [Cake\Routing\Exception\MissingControllerException] Controller class Js could not be found.
Exception Attributes: array (
  'class' => 'Js',
  'plugin' => NULL,
  'prefix' => NULL,
  '_ext' => NULL,
)
Request URL: /js/angular/angular.min.js
Stack Trace:
#0 /var/www/clients/client2/web18/web/webroot/index.php(37): Cake\Routing\Dispatcher->dispatch(Object(Cake\Network\Request), Object(Cake\Network\Response))
#1 {main}


2015-01-26 18:47:54 Error: [Cake\Routing\Exception\MissingControllerException] Controller class Js could not be found.
Exception Attributes: array (
  'class' => 'Js',
  'plugin' => NULL,
  'prefix' => NULL,
  '_ext' => NULL,
)
Request URL: /js/angular/angular.min.js
Stack Trace:
#0 /var/www/clients/client2/web18/web/webroot/index.php(37): Cake\Routing\Dispatcher->dispatch(Object(Cake\Network\Request), Object(Cake\Network\Response))
#1 {main}


2015-01-26 18:47:56 Error: [Cake\Routing\Exception\MissingControllerException] Controller class Js could not be found.
Exception Attributes: array (
  'class' => 'Js',
  'plugin' => NULL,
  'prefix' => NULL,
  '_ext' => NULL,
)
Request URL: /js/angular/angular.min.js
Stack Trace:
#0 /var/www/clients/client2/web18/web/webroot/index.php(37): Cake\Routing\Dispatcher->dispatch(Object(Cake\Network\Request), Object(Cake\Network\Response))
#1 {main}


2015-01-26 18:47:57 Error: [Cake\Routing\Exception\MissingControllerException] Controller class Js could not be found.
Exception Attributes: array (
  'class' => 'Js',
  'plugin' => NULL,
  'prefix' => NULL,
  '_ext' => NULL,
)
Request URL: /js/angular/angular.min.js
Stack Trace:
#0 /var/www/clients/client2/web18/web/webroot/index.php(37): Cake\Routing\Dispatcher->dispatch(Object(Cake\Network\Request), Object(Cake\Network\Response))
#1 {main}


2015-01-26 18:48:02 Error: [Cake\Routing\Exception\MissingControllerException] Controller class Js could not be found.
Exception Attributes: array (
  'class' => 'Js',
  'plugin' => NULL,
  'prefix' => NULL,
  '_ext' => NULL,
)
Request URL: /js/angular/angular.min.js
Stack Trace:
#0 /var/www/clients/client2/web18/web/webroot/index.php(37): Cake\Routing\Dispatcher->dispatch(Object(Cake\Network\Request), Object(Cake\Network\Response))
#1 {main}


2015-01-26 18:48:13 Error: [Cake\Routing\Exception\MissingControllerException] Controller class Js could not be found.
Exception Attributes: array (
  'class' => 'Js',
  'plugin' => NULL,
  'prefix' => NULL,
  '_ext' => NULL,
)
Request URL: /js/angular/angular.min.js
Stack Trace:
#0 /var/www/clients/client2/web18/web/webroot/index.php(37): Cake\Routing\Dispatcher->dispatch(Object(Cake\Network\Request), Object(Cake\Network\Response))
#1 {main}


2015-01-26 18:48:16 Error: [Cake\Routing\Exception\MissingControllerException] Controller class Js could not be found.
Exception Attributes: array (
  'class' => 'Js',
  'plugin' => NULL,
  'prefix' => NULL,
  '_ext' => NULL,
)
Request URL: /js/angular/angular.min.js
Stack Trace:
#0 /var/www/clients/client2/web18/web/webroot/index.php(37): Cake\Routing\Dispatcher->dispatch(Object(Cake\Network\Request), Object(Cake\Network\Response))
#1 {main}


2015-01-26 18:48:21 Error: [Cake\Routing\Exception\MissingControllerException] Controller class Js could not be found.
Exception Attributes: array (
  'class' => 'Js',
  'plugin' => NULL,
  'prefix' => NULL,
  '_ext' => NULL,
)
Request URL: /js/angular/angular.min.js
Stack Trace:
#0 /var/www/clients/client2/web18/web/webroot/index.php(37): Cake\Routing\Dispatcher->dispatch(Object(Cake\Network\Request), Object(Cake\Network\Response))
#1 {main}


2015-01-26 18:49:15 Error: [Cake\Routing\Exception\MissingControllerException] Controller class Js could not be found.
Exception Attributes: array (
  'class' => 'Js',
  'plugin' => NULL,
  'prefix' => NULL,
  '_ext' => NULL,
)
Request URL: /js/angular/angular.min.js
Stack Trace:
#0 /var/www/clients/client2/web18/web/webroot/index.php(37): Cake\Routing\Dispatcher->dispatch(Object(Cake\Network\Request), Object(Cake\Network\Response))
#1 {main}


2015-01-26 18:49:17 Error: [Cake\Routing\Exception\MissingControllerException] Controller class Js could not be found.
Exception Attributes: array (
  'class' => 'Js',
  'plugin' => NULL,
  'prefix' => NULL,
  '_ext' => NULL,
)
Request URL: /js/angular/angular.min.js
Stack Trace:
#0 /var/www/clients/client2/web18/web/webroot/index.php(37): Cake\Routing\Dispatcher->dispatch(Object(Cake\Network\Request), Object(Cake\Network\Response))
#1 {main}


2015-01-26 18:49:19 Error: [Cake\Routing\Exception\MissingControllerException] Controller class Js could not be found.
Exception Attributes: array (
  'class' => 'Js',
  'plugin' => NULL,
  'prefix' => NULL,
  '_ext' => NULL,
)
Request URL: /js/angular/angular.min.js
Stack Trace:
#0 /var/www/clients/client2/web18/web/webroot/index.php(37): Cake\Routing\Dispatcher->dispatch(Object(Cake\Network\Request), Object(Cake\Network\Response))
#1 {main}


2015-01-26 18:49:21 Error: [Cake\Routing\Exception\MissingControllerException] Controller class Js could not be found.
Exception Attributes: array (
  'class' => 'Js',
  'plugin' => NULL,
  'prefix' => NULL,
  '_ext' => NULL,
)
Request URL: /js/angular/angular.min.js
Stack Trace:
#0 /var/www/clients/client2/web18/web/webroot/index.php(37): Cake\Routing\Dispatcher->dispatch(Object(Cake\Network\Request), Object(Cake\Network\Response))
#1 {main}


2015-01-26 18:49:22 Error: [Cake\Routing\Exception\MissingControllerException] Controller class Js could not be found.
Exception Attributes: array (
  'class' => 'Js',
  'plugin' => NULL,
  'prefix' => NULL,
  '_ext' => NULL,
)
Request URL: /js/angular/angular.min.js
Stack Trace:
#0 /var/www/clients/client2/web18/web/webroot/index.php(37): Cake\Routing\Dispatcher->dispatch(Object(Cake\Network\Request), Object(Cake\Network\Response))
#1 {main}


2015-01-26 18:49:24 Error: [Cake\Routing\Exception\MissingControllerException] Controller class Js could not be found.
Exception Attributes: array (
  'class' => 'Js',
  'plugin' => NULL,
  'prefix' => NULL,
  '_ext' => NULL,
)
Request URL: /js/angular/angular.min.js
Stack Trace:
#0 /var/www/clients/client2/web18/web/webroot/index.php(37): Cake\Routing\Dispatcher->dispatch(Object(Cake\Network\Request), Object(Cake\Network\Response))
#1 {main}


2015-01-26 18:49:25 Error: [Cake\Routing\Exception\MissingControllerException] Controller class Js could not be found.
Exception Attributes: array (
  'class' => 'Js',
  'plugin' => NULL,
  'prefix' => NULL,
  '_ext' => NULL,
)
Request URL: /js/angular/angular.min.js
Stack Trace:
#0 /var/www/clients/client2/web18/web/webroot/index.php(37): Cake\Routing\Dispatcher->dispatch(Object(Cake\Network\Request), Object(Cake\Network\Response))
#1 {main}


2015-01-26 18:49:28 Error: [Cake\Routing\Exception\MissingControllerException] Controller class Js could not be found.
Exception Attributes: array (
  'class' => 'Js',
  'plugin' => NULL,
  'prefix' => NULL,
  '_ext' => NULL,
)
Request URL: /js/angular/angular.min.js
Stack Trace:
#0 /var/www/clients/client2/web18/web/webroot/index.php(37): Cake\Routing\Dispatcher->dispatch(Object(Cake\Network\Request), Object(Cake\Network\Response))
#1 {main}


2015-01-26 18:49:32 Error: [Cake\Routing\Exception\MissingControllerException] Controller class Js could not be found.
Exception Attributes: array (
  'class' => 'Js',
  'plugin' => NULL,
  'prefix' => NULL,
  '_ext' => NULL,
)
Request URL: /js/angular/angular.min.js
Stack Trace:
#0 /var/www/clients/client2/web18/web/webroot/index.php(37): Cake\Routing\Dispatcher->dispatch(Object(Cake\Network\Request), Object(Cake\Network\Response))
#1 {main}


2015-01-26 18:50:10 Error: [Cake\Routing\Exception\MissingControllerException] Controller class Js could not be found.
Exception Attributes: array (
  'class' => 'Js',
  'plugin' => NULL,
  'prefix' => NULL,
  '_ext' => NULL,
)
Request URL: /js/angular/angular.min.js
Stack Trace:
#0 /var/www/clients/client2/web18/web/webroot/index.php(37): Cake\Routing\Dispatcher->dispatch(Object(Cake\Network\Request), Object(Cake\Network\Response))
#1 {main}


2015-01-26 18:50:13 Error: [Cake\Routing\Exception\MissingControllerException] Controller class Js could not be found.
Exception Attributes: array (
  'class' => 'Js',
  'plugin' => NULL,
  'prefix' => NULL,
  '_ext' => NULL,
)
Request URL: /js/angular/angular.min.js
Stack Trace:
#0 /var/www/clients/client2/web18/web/webroot/index.php(37): Cake\Routing\Dispatcher->dispatch(Object(Cake\Network\Request), Object(Cake\Network\Response))
#1 {main}


2015-01-26 18:50:16 Error: [Cake\Routing\Exception\MissingControllerException] Controller class Js could not be found.
Exception Attributes: array (
  'class' => 'Js',
  'plugin' => NULL,
  'prefix' => NULL,
  '_ext' => NULL,
)
Request URL: /js/angular/angular.min.js
Stack Trace:
#0 /var/www/clients/client2/web18/web/webroot/index.php(37): Cake\Routing\Dispatcher->dispatch(Object(Cake\Network\Request), Object(Cake\Network\Response))
#1 {main}


2015-01-26 18:50:18 Error: [Cake\Routing\Exception\MissingControllerException] Controller class Js could not be found.
Exception Attributes: array (
  'class' => 'Js',
  'plugin' => NULL,
  'prefix' => NULL,
  '_ext' => NULL,
)
Request URL: /js/angular/angular.min.js
Stack Trace:
#0 /var/www/clients/client2/web18/web/webroot/index.php(37): Cake\Routing\Dispatcher->dispatch(Object(Cake\Network\Request), Object(Cake\Network\Response))
#1 {main}


2015-01-26 18:50:20 Error: [Cake\Routing\Exception\MissingControllerException] Controller class Js could not be found.
Exception Attributes: array (
  'class' => 'Js',
  'plugin' => NULL,
  'prefix' => NULL,
  '_ext' => NULL,
)
Request URL: /js/angular/angular.min.js
Stack Trace:
#0 /var/www/clients/client2/web18/web/webroot/index.php(37): Cake\Routing\Dispatcher->dispatch(Object(Cake\Network\Request), Object(Cake\Network\Response))
#1 {main}


2015-01-26 18:50:22 Error: [Cake\Routing\Exception\MissingControllerException] Controller class Js could not be found.
Exception Attributes: array (
  'class' => 'Js',
  'plugin' => NULL,
  'prefix' => NULL,
  '_ext' => NULL,
)
Request URL: /js/angular/angular.min.js
Stack Trace:
#0 /var/www/clients/client2/web18/web/webroot/index.php(37): Cake\Routing\Dispatcher->dispatch(Object(Cake\Network\Request), Object(Cake\Network\Response))
#1 {main}


2015-01-26 18:50:25 Error: [Cake\Routing\Exception\MissingControllerException] Controller class Js could not be found.
Exception Attributes: array (
  'class' => 'Js',
  'plugin' => NULL,
  'prefix' => NULL,
  '_ext' => NULL,
)
Request URL: /js/angular/angular.min.js
Stack Trace:
#0 /var/www/clients/client2/web18/web/webroot/index.php(37): Cake\Routing\Dispatcher->dispatch(Object(Cake\Network\Request), Object(Cake\Network\Response))
#1 {main}


2015-01-26 18:50:27 Error: [Cake\Routing\Exception\MissingControllerException] Controller class Js could not be found.
Exception Attributes: array (
  'class' => 'Js',
  'plugin' => NULL,
  'prefix' => NULL,
  '_ext' => NULL,
)
Request URL: /js/angular/angular.min.js
Stack Trace:
#0 /var/www/clients/client2/web18/web/webroot/index.php(37): Cake\Routing\Dispatcher->dispatch(Object(Cake\Network\Request), Object(Cake\Network\Response))
#1 {main}


2015-01-26 18:50:29 Error: [Cake\Routing\Exception\MissingControllerException] Controller class Js could not be found.
Exception Attributes: array (
  'class' => 'Js',
  'plugin' => NULL,
  'prefix' => NULL,
  '_ext' => NULL,
)
Request URL: /js/angular/angular.min.js
Stack Trace:
#0 /var/www/clients/client2/web18/web/webroot/index.php(37): Cake\Routing\Dispatcher->dispatch(Object(Cake\Network\Request), Object(Cake\Network\Response))
#1 {main}


2015-01-26 18:50:29 Error: [Cake\Routing\Exception\MissingControllerException] Controller class Js could not be found.
Exception Attributes: array (
  'class' => 'Js',
  'plugin' => NULL,
  'prefix' => NULL,
  '_ext' => NULL,
)
Request URL: /js/angular/angular.min.js
Stack Trace:
#0 /var/www/clients/client2/web18/web/webroot/index.php(37): Cake\Routing\Dispatcher->dispatch(Object(Cake\Network\Request), Object(Cake\Network\Response))
#1 {main}


2015-01-26 18:50:31 Error: [Cake\Routing\Exception\MissingControllerException] Controller class Js could not be found.
Exception Attributes: array (
  'class' => 'Js',
  'plugin' => NULL,
  'prefix' => NULL,
  '_ext' => NULL,
)
Request URL: /js/angular/angular.min.js
Stack Trace:
#0 /var/www/clients/client2/web18/web/webroot/index.php(37): Cake\Routing\Dispatcher->dispatch(Object(Cake\Network\Request), Object(Cake\Network\Response))
#1 {main}


2015-01-26 18:50:40 Error: [Cake\Routing\Exception\MissingControllerException] Controller class Js could not be found.
Exception Attributes: array (
  'class' => 'Js',
  'plugin' => NULL,
  'prefix' => NULL,
  '_ext' => NULL,
)
Request URL: /js/angular/angular.min.js
Stack Trace:
#0 /var/www/clients/client2/web18/web/webroot/index.php(37): Cake\Routing\Dispatcher->dispatch(Object(Cake\Network\Request), Object(Cake\Network\Response))
#1 {main}


2015-01-26 18:50:41 Error: [Cake\Routing\Exception\MissingControllerException] Controller class Js could not be found.
Exception Attributes: array (
  'class' => 'Js',
  'plugin' => NULL,
  'prefix' => NULL,
  '_ext' => NULL,
)
Request URL: /js/angular/angular.min.js
Stack Trace:
#0 /var/www/clients/client2/web18/web/webroot/index.php(37): Cake\Routing\Dispatcher->dispatch(Object(Cake\Network\Request), Object(Cake\Network\Response))
#1 {main}


2015-01-26 18:51:16 Error: [Cake\Routing\Exception\MissingControllerException] Controller class Js could not be found.
Exception Attributes: array (
  'class' => 'Js',
  'plugin' => NULL,
  'prefix' => NULL,
  '_ext' => NULL,
)
Request URL: /js/angular/angular.min.js
Stack Trace:
#0 /var/www/clients/client2/web18/web/webroot/index.php(37): Cake\Routing\Dispatcher->dispatch(Object(Cake\Network\Request), Object(Cake\Network\Response))
#1 {main}


2015-01-26 18:51:21 Error: [Cake\Routing\Exception\MissingControllerException] Controller class Js could not be found.
Exception Attributes: array (
  'class' => 'Js',
  'plugin' => NULL,
  'prefix' => NULL,
  '_ext' => NULL,
)
Request URL: /js/angular/angular.min.js
Stack Trace:
#0 /var/www/clients/client2/web18/web/webroot/index.php(37): Cake\Routing\Dispatcher->dispatch(Object(Cake\Network\Request), Object(Cake\Network\Response))
#1 {main}


2015-01-26 18:51:53 Error: [Cake\Routing\Exception\MissingControllerException] Controller class Js could not be found.
Exception Attributes: array (
  'class' => 'Js',
  'plugin' => NULL,
  'prefix' => NULL,
  '_ext' => NULL,
)
Request URL: /js/angular/angular.min.js
Stack Trace:
#0 /var/www/clients/client2/web18/web/webroot/index.php(37): Cake\Routing\Dispatcher->dispatch(Object(Cake\Network\Request), Object(Cake\Network\Response))
#1 {main}


2015-01-26 18:51:54 Error: [Cake\Routing\Exception\MissingControllerException] Controller class Js could not be found.
Exception Attributes: array (
  'class' => 'Js',
  'plugin' => NULL,
  'prefix' => NULL,
  '_ext' => NULL,
)
Request URL: /js/angular/angular.min.js
Stack Trace:
#0 /var/www/clients/client2/web18/web/webroot/index.php(37): Cake\Routing\Dispatcher->dispatch(Object(Cake\Network\Request), Object(Cake\Network\Response))
#1 {main}


2015-01-26 18:51:55 Error: [Cake\Routing\Exception\MissingControllerException] Controller class Js could not be found.
Exception Attributes: array (
  'class' => 'Js',
  'plugin' => NULL,
  'prefix' => NULL,
  '_ext' => NULL,
)
Request URL: /js/angular/angular.min.js
Stack Trace:
#0 /var/www/clients/client2/web18/web/webroot/index.php(37): Cake\Routing\Dispatcher->dispatch(Object(Cake\Network\Request), Object(Cake\Network\Response))
#1 {main}


2015-01-26 18:51:56 Error: [Cake\Routing\Exception\MissingControllerException] Controller class Js could not be found.
Exception Attributes: array (
  'class' => 'Js',
  'plugin' => NULL,
  'prefix' => NULL,
  '_ext' => NULL,
)
Request URL: /js/angular/angular.min.js
Stack Trace:
#0 /var/www/clients/client2/web18/web/webroot/index.php(37): Cake\Routing\Dispatcher->dispatch(Object(Cake\Network\Request), Object(Cake\Network\Response))
#1 {main}


2015-01-26 18:51:58 Error: [Cake\Routing\Exception\MissingControllerException] Controller class Js could not be found.
Exception Attributes: array (
  'class' => 'Js',
  'plugin' => NULL,
  'prefix' => NULL,
  '_ext' => NULL,
)
Request URL: /js/angular/angular.min.js
Stack Trace:
#0 /var/www/clients/client2/web18/web/webroot/index.php(37): Cake\Routing\Dispatcher->dispatch(Object(Cake\Network\Request), Object(Cake\Network\Response))
#1 {main}


2015-01-26 18:52:02 Error: [Cake\Controller\Exception\MissingActionException] Action SchoolsController::index.html() could not be found, or is not accessible.
Exception Attributes: array (
  'controller' => 'SchoolsController',
  'action' => 'index.html',
  'prefix' => '',
  'plugin' => NULL,
)
Request URL: /Schools/index.html
Stack Trace:
#0 /var/www/clients/client2/web18/web/vendor/cakephp/cakephp/src/Routing/Dispatcher.php(114): Cake\Controller\Controller->invokeAction()
#1 /var/www/clients/client2/web18/web/vendor/cakephp/cakephp/src/Routing/Dispatcher.php(87): Cake\Routing\Dispatcher->_invoke(Object(App\Controller\SchoolsController))
#2 /var/www/clients/client2/web18/web/webroot/index.php(37): Cake\Routing\Dispatcher->dispatch(Object(Cake\Network\Request), Object(Cake\Network\Response))
#3 {main}


2015-01-26 18:52:05 Error: [Cake\Routing\Exception\MissingControllerException] Controller class Js could not be found.
Exception Attributes: array (
  'class' => 'Js',
  'plugin' => NULL,
  'prefix' => NULL,
  '_ext' => NULL,
)
Request URL: /js/angular/angular.min.js
Stack Trace:
#0 /var/www/clients/client2/web18/web/webroot/index.php(37): Cake\Routing\Dispatcher->dispatch(Object(Cake\Network\Request), Object(Cake\Network\Response))
#1 {main}


2015-01-26 18:59:06 Error: [Cake\Routing\Exception\MissingControllerException] Controller class Js could not be found.
Exception Attributes: array (
  'class' => 'Js',
  'plugin' => NULL,
  'prefix' => NULL,
  '_ext' => NULL,
)
Request URL: /js/angular/angular.min.js
Stack Trace:
#0 /var/www/clients/client2/web18/web/webroot/index.php(37): Cake\Routing\Dispatcher->dispatch(Object(Cake\Network\Request), Object(Cake\Network\Response))
#1 {main}


2015-01-26 18:59:25 Error: [Cake\Routing\Exception\MissingControllerException] Controller class Js could not be found.
Exception Attributes: array (
  'class' => 'Js',
  'plugin' => NULL,
  'prefix' => NULL,
  '_ext' => NULL,
)
Request URL: /js/angular/angular.min.js
Stack Trace:
#0 /var/www/clients/client2/web18/web/webroot/index.php(37): Cake\Routing\Dispatcher->dispatch(Object(Cake\Network\Request), Object(Cake\Network\Response))
#1 {main}


2015-01-26 18:59:30 Error: [Cake\Routing\Exception\MissingControllerException] Controller class Js could not be found.
Exception Attributes: array (
  'class' => 'Js',
  'plugin' => NULL,
  'prefix' => NULL,
  '_ext' => NULL,
)
Request URL: /js/angular/angular.min.js
Stack Trace:
#0 /var/www/clients/client2/web18/web/webroot/index.php(37): Cake\Routing\Dispatcher->dispatch(Object(Cake\Network\Request), Object(Cake\Network\Response))
#1 {main}


2015-01-26 18:59:38 Error: [Cake\Routing\Exception\MissingControllerException] Controller class Js could not be found.
Exception Attributes: array (
  'class' => 'Js',
  'plugin' => NULL,
  'prefix' => NULL,
  '_ext' => NULL,
)
Request URL: /js/angular/angular.min.js
Stack Trace:
#0 /var/www/clients/client2/web18/web/webroot/index.php(37): Cake\Routing\Dispatcher->dispatch(Object(Cake\Network\Request), Object(Cake\Network\Response))
#1 {main}


2015-01-26 19:07:07 Error: [Cake\Routing\Exception\MissingControllerException] Controller class Js could not be found.
Exception Attributes: array (
  'class' => 'Js',
  'plugin' => NULL,
  'prefix' => NULL,
  '_ext' => NULL,
)
Request URL: /js/angular/angular.min.js
Stack Trace:
#0 /var/www/clients/client2/web18/web/webroot/index.php(37): Cake\Routing\Dispatcher->dispatch(Object(Cake\Network\Request), Object(Cake\Network\Response))
#1 {main}


2015-01-26 19:07:26 Error: [Cake\Routing\Exception\MissingControllerException] Controller class Js could not be found.
Exception Attributes: array (
  'class' => 'Js',
  'plugin' => NULL,
  'prefix' => NULL,
  '_ext' => NULL,
)
Request URL: /js/angular/angular.min.js
Stack Trace:
#0 /var/www/clients/client2/web18/web/webroot/index.php(37): Cake\Routing\Dispatcher->dispatch(Object(Cake\Network\Request), Object(Cake\Network\Response))
#1 {main}


2015-01-26 19:07:29 Error: [Cake\Routing\Exception\MissingControllerException] Controller class Js could not be found.
Exception Attributes: array (
  'class' => 'Js',
  'plugin' => NULL,
  'prefix' => NULL,
  '_ext' => NULL,
)
Request URL: /js/angular/angular.min.js
Stack Trace:
#0 /var/www/clients/client2/web18/web/webroot/index.php(37): Cake\Routing\Dispatcher->dispatch(Object(Cake\Network\Request), Object(Cake\Network\Response))
#1 {main}


2015-01-26 19:07:31 Error: [Cake\Routing\Exception\MissingControllerException] Controller class Js could not be found.
Exception Attributes: array (
  'class' => 'Js',
  'plugin' => NULL,
  'prefix' => NULL,
  '_ext' => NULL,
)
Request URL: /js/angular/angular.min.js
Stack Trace:
#0 /var/www/clients/client2/web18/web/webroot/index.php(37): Cake\Routing\Dispatcher->dispatch(Object(Cake\Network\Request), Object(Cake\Network\Response))
#1 {main}


2015-01-26 19:07:37 Error: [Cake\Routing\Exception\MissingControllerException] Controller class Js could not be found.
Exception Attributes: array (
  'class' => 'Js',
  'plugin' => NULL,
  'prefix' => NULL,
  '_ext' => NULL,
)
Request URL: /js/angular/angular.min.js
Stack Trace:
#0 /var/www/clients/client2/web18/web/webroot/index.php(37): Cake\Routing\Dispatcher->dispatch(Object(Cake\Network\Request), Object(Cake\Network\Response))
#1 {main}


2015-01-26 19:07:55 Error: [Cake\Controller\Exception\MissingActionException] Action SchoolsController::index.html() could not be found, or is not accessible.
Exception Attributes: array (
  'controller' => 'SchoolsController',
  'action' => 'index.html',
  'prefix' => '',
  'plugin' => NULL,
)
Request URL: /Schools/index.html
Stack Trace:
#0 /var/www/clients/client2/web18/web/vendor/cakephp/cakephp/src/Routing/Dispatcher.php(114): Cake\Controller\Controller->invokeAction()
#1 /var/www/clients/client2/web18/web/vendor/cakephp/cakephp/src/Routing/Dispatcher.php(87): Cake\Routing\Dispatcher->_invoke(Object(App\Controller\SchoolsController))
#2 /var/www/clients/client2/web18/web/webroot/index.php(37): Cake\Routing\Dispatcher->dispatch(Object(Cake\Network\Request), Object(Cake\Network\Response))
#3 {main}


2015-01-26 19:08:06 Error: [Cake\Routing\Exception\MissingControllerException] Controller class Js could not be found.
Exception Attributes: array (
  'class' => 'Js',
  'plugin' => NULL,
  'prefix' => NULL,
  '_ext' => NULL,
)
Request URL: /js/angular/angular.min.js
Stack Trace:
#0 /var/www/clients/client2/web18/web/webroot/index.php(37): Cake\Routing\Dispatcher->dispatch(Object(Cake\Network\Request), Object(Cake\Network\Response))
#1 {main}


2015-01-26 19:08:11 Error: [Cake\Routing\Exception\MissingControllerException] Controller class Js could not be found.
Exception Attributes: array (
  'class' => 'Js',
  'plugin' => NULL,
  'prefix' => NULL,
  '_ext' => NULL,
)
Request URL: /js/angular/angular.min.js
Stack Trace:
#0 /var/www/clients/client2/web18/web/webroot/index.php(37): Cake\Routing\Dispatcher->dispatch(Object(Cake\Network\Request), Object(Cake\Network\Response))
#1 {main}


2015-01-26 19:08:12 Error: [Cake\Routing\Exception\MissingControllerException] Controller class Js could not be found.
Exception Attributes: array (
  'class' => 'Js',
  'plugin' => NULL,
  'prefix' => NULL,
  '_ext' => NULL,
)
Request URL: /js/angular/angular.min.js
Stack Trace:
#0 /var/www/clients/client2/web18/web/webroot/index.php(37): Cake\Routing\Dispatcher->dispatch(Object(Cake\Network\Request), Object(Cake\Network\Response))
#1 {main}


2015-01-26 19:08:16 Error: [Cake\Controller\Exception\MissingActionException] Action StudentsController::index.html() could not be found, or is not accessible.
Exception Attributes: array (
  'controller' => 'StudentsController',
  'action' => 'index.html',
  'prefix' => '',
  'plugin' => NULL,
)
Request URL: /Students/index.html
Stack Trace:
#0 /var/www/clients/client2/web18/web/vendor/cakephp/cakephp/src/Routing/Dispatcher.php(114): Cake\Controller\Controller->invokeAction()
#1 /var/www/clients/client2/web18/web/vendor/cakephp/cakephp/src/Routing/Dispatcher.php(87): Cake\Routing\Dispatcher->_invoke(Object(App\Controller\StudentsController))
#2 /var/www/clients/client2/web18/web/webroot/index.php(37): Cake\Routing\Dispatcher->dispatch(Object(Cake\Network\Request), Object(Cake\Network\Response))
#3 {main}


2015-01-26 19:08:53 Error: [Cake\Controller\Exception\MissingActionException] Action StudentsController::index.html() could not be found, or is not accessible.
Exception Attributes: array (
  'controller' => 'StudentsController',
  'action' => 'index.html',
  'prefix' => '',
  'plugin' => NULL,
)
Request URL: /Students/index.html
Stack Trace:
#0 /var/www/clients/client2/web18/web/vendor/cakephp/cakephp/src/Routing/Dispatcher.php(114): Cake\Controller\Controller->invokeAction()
#1 /var/www/clients/client2/web18/web/vendor/cakephp/cakephp/src/Routing/Dispatcher.php(87): Cake\Routing\Dispatcher->_invoke(Object(App\Controller\StudentsController))
#2 /var/www/clients/client2/web18/web/webroot/index.php(37): Cake\Routing\Dispatcher->dispatch(Object(Cake\Network\Request), Object(Cake\Network\Response))
#3 {main}


2015-01-26 19:09:03 Error: [Cake\Routing\Exception\MissingControllerException] Controller class Js could not be found.
Exception Attributes: array (
  'class' => 'Js',
  'plugin' => NULL,
  'prefix' => NULL,
  '_ext' => NULL,
)
Request URL: /js/angular/angular.min.js
Stack Trace:
#0 /var/www/clients/client2/web18/web/webroot/index.php(37): Cake\Routing\Dispatcher->dispatch(Object(Cake\Network\Request), Object(Cake\Network\Response))
#1 {main}


2015-01-27 09:28:49 Error: [Cake\Routing\Exception\MissingControllerException] Controller class Js could not be found.
Exception Attributes: array (
  'class' => 'Js',
  'plugin' => NULL,
  'prefix' => NULL,
  '_ext' => NULL,
)
Request URL: /js/angular/angular.min.js
Stack Trace:
#0 /var/www/clients/client2/web18/web/webroot/index.php(37): Cake\Routing\Dispatcher->dispatch(Object(Cake\Network\Request), Object(Cake\Network\Response))
#1 {main}


2015-01-27 09:28:50 Error: [Cake\Routing\Exception\MissingControllerException] Controller class Js could not be found.
Exception Attributes: array (
  'class' => 'Js',
  'plugin' => NULL,
  'prefix' => NULL,
  '_ext' => NULL,
)
Request URL: /js/angular/angular.min.js
Stack Trace:
#0 /var/www/clients/client2/web18/web/webroot/index.php(37): Cake\Routing\Dispatcher->dispatch(Object(Cake\Network\Request), Object(Cake\Network\Response))
#1 {main}


2015-01-27 09:28:53 Error: [Cake\Routing\Exception\MissingControllerException] Controller class Index.html could not be found.
Exception Attributes: array (
  'class' => 'Index.html',
  'plugin' => NULL,
  'prefix' => NULL,
  '_ext' => NULL,
)
Request URL: /index.html
Stack Trace:
#0 /var/www/clients/client2/web18/web/webroot/index.php(37): Cake\Routing\Dispatcher->dispatch(Object(Cake\Network\Request), Object(Cake\Network\Response))
#1 {main}


2015-01-27 09:29:27 Error: [Cake\Routing\Exception\MissingControllerException] Controller class Js could not be found.
Exception Attributes: array (
  'class' => 'Js',
  'plugin' => NULL,
  'prefix' => NULL,
  '_ext' => NULL,
)
Request URL: /js/angular/angular.min.js
Stack Trace:
#0 /var/www/clients/client2/web18/web/webroot/index.php(37): Cake\Routing\Dispatcher->dispatch(Object(Cake\Network\Request), Object(Cake\Network\Response))
#1 {main}


2015-01-27 09:50:15 Error: [Cake\Routing\Exception\MissingControllerException] Controller class Js could not be found.
Exception Attributes: array (
  'class' => 'Js',
  'plugin' => NULL,
  'prefix' => NULL,
  '_ext' => NULL,
)
Request URL: /js/angular/angular.min.js
Stack Trace:
#0 /var/www/clients/client2/web18/web/webroot/index.php(37): Cake\Routing\Dispatcher->dispatch(Object(Cake\Network\Request), Object(Cake\Network\Response))
#1 {main}


2015-01-27 09:53:12 Error: [Cake\Routing\Exception\MissingControllerException] Controller class Js could not be found.
Exception Attributes: array (
  'class' => 'Js',
  'plugin' => NULL,
  'prefix' => NULL,
  '_ext' => NULL,
)
Request URL: /js/angular/angular.min.js
Stack Trace:
#0 /var/www/clients/client2/web18/web/webroot/index.php(37): Cake\Routing\Dispatcher->dispatch(Object(Cake\Network\Request), Object(Cake\Network\Response))
#1 {main}


2015-01-27 09:53:17 Error: [Cake\Routing\Exception\MissingControllerException] Controller class Js could not be found.
Exception Attributes: array (
  'class' => 'Js',
  'plugin' => NULL,
  'prefix' => NULL,
  '_ext' => NULL,
)
Request URL: /js/angular/angular.min.js
Stack Trace:
#0 /var/www/clients/client2/web18/web/webroot/index.php(37): Cake\Routing\Dispatcher->dispatch(Object(Cake\Network\Request), Object(Cake\Network\Response))
#1 {main}


2015-01-27 09:57:18 Error: [Cake\Routing\Exception\MissingControllerException] Controller class Js could not be found.
Exception Attributes: array (
  'class' => 'Js',
  'plugin' => NULL,
  'prefix' => NULL,
  '_ext' => NULL,
)
Request URL: /js/angular/angular.min.js
Stack Trace:
#0 /var/www/clients/client2/web18/web/webroot/index.php(37): Cake\Routing\Dispatcher->dispatch(Object(Cake\Network\Request), Object(Cake\Network\Response))
#1 {main}


2015-01-27 09:57:24 Error: [Cake\Routing\Exception\MissingControllerException] Controller class Js could not be found.
Exception Attributes: array (
  'class' => 'Js',
  'plugin' => NULL,
  'prefix' => NULL,
  '_ext' => NULL,
)
Request URL: /js/angular/angular.min.js
Stack Trace:
#0 /var/www/clients/client2/web18/web/webroot/index.php(37): Cake\Routing\Dispatcher->dispatch(Object(Cake\Network\Request), Object(Cake\Network\Response))
#1 {main}


2015-01-27 15:08:42 Error: [Cake\Routing\Exception\MissingControllerException] Controller class Js could not be found.
Exception Attributes: array (
  'class' => 'Js',
  'plugin' => NULL,
  'prefix' => NULL,
  '_ext' => NULL,
)
Request URL: /js/angular/angular.min.js
Stack Trace:
#0 /var/www/clients/client2/web18/web/webroot/index.php(37): Cake\Routing\Dispatcher->dispatch(Object(Cake\Network\Request), Object(Cake\Network\Response))
#1 {main}


2015-01-27 15:08:50 Error: [Cake\Routing\Exception\MissingControllerException] Controller class Js could not be found.
Exception Attributes: array (
  'class' => 'Js',
  'plugin' => NULL,
  'prefix' => NULL,
  '_ext' => NULL,
)
Request URL: /js/angular/angular.min.js
Stack Trace:
#0 /var/www/clients/client2/web18/web/webroot/index.php(37): Cake\Routing\Dispatcher->dispatch(Object(Cake\Network\Request), Object(Cake\Network\Response))
#1 {main}


2015-01-27 15:30:05 Error: [Cake\Routing\Exception\MissingControllerException] Controller class Js could not be found.
Exception Attributes: array (
  'class' => 'Js',
  'plugin' => NULL,
  'prefix' => NULL,
  '_ext' => NULL,
)
Request URL: /js/angular/angular.min.js
Stack Trace:
#0 /var/www/clients/client2/web18/web/webroot/index.php(37): Cake\Routing\Dispatcher->dispatch(Object(Cake\Network\Request), Object(Cake\Network\Response))
#1 {main}


2015-01-27 15:30:08 Error: [Cake\Routing\Exception\MissingControllerException] Controller class Js could not be found.
Exception Attributes: array (
  'class' => 'Js',
  'plugin' => NULL,
  'prefix' => NULL,
  '_ext' => NULL,
)
Request URL: /js/angular/angular.min.js
Stack Trace:
#0 /var/www/clients/client2/web18/web/webroot/index.php(37): Cake\Routing\Dispatcher->dispatch(Object(Cake\Network\Request), Object(Cake\Network\Response))
#1 {main}


2015-01-27 15:31:16 Error: [Cake\Routing\Exception\MissingControllerException] Controller class Js could not be found.
Exception Attributes: array (
  'class' => 'Js',
  'plugin' => NULL,
  'prefix' => NULL,
  '_ext' => NULL,
)
Request URL: /js/angular/angular.min.js
Stack Trace:
#0 /var/www/clients/client2/web18/web/webroot/index.php(37): Cake\Routing\Dispatcher->dispatch(Object(Cake\Network\Request), Object(Cake\Network\Response))
#1 {main}


2015-01-27 15:33:01 Error: Fatal Error (1): Call to a member function select2() on a non-object in [/var/www/clients/client2/web18/web/src/Controller/SyncController.php, line 27]
Trace:
Cake\Error\BaseErrorHandler::handleFatalError() - CORE/src/Error/BaseErrorHandler.php, line 191
Cake\Error\BaseErrorHandler::Cake\Error\{closure}() - CORE/src/Error/BaseErrorHandler.php, line 90
[main] - [internal], line ??



2015-01-27 15:33:01 Error: [Cake\Error\FatalErrorException] Call to a member function select2() on a non-object
Request URL: /Sync/contingent
Stack Trace:
#0 /var/www/clients/client2/web18/web/vendor/cakephp/cakephp/src/Error/BaseErrorHandler.php(90): Cake\Error\BaseErrorHandler->handleFatalError(1, 'Call to a membe...', '/var/www/client...', 27)
#1 [internal function]: Cake\Error\BaseErrorHandler->Cake\Error\{closure}()
#2 {main}


2015-01-27 15:33:16 Error: [Cake\Routing\Exception\MissingControllerException] Controller class Js could not be found.
Exception Attributes: array (
  'class' => 'Js',
  'plugin' => NULL,
  'prefix' => NULL,
  '_ext' => NULL,
)
Request URL: /js/angular/angular.min.js
Stack Trace:
#0 /var/www/clients/client2/web18/web/webroot/index.php(37): Cake\Routing\Dispatcher->dispatch(Object(Cake\Network\Request), Object(Cake\Network\Response))
#1 {main}


2015-01-27 15:33:54 Error: [Cake\Routing\Exception\MissingControllerException] Controller class Js could not be found.
Exception Attributes: array (
  'class' => 'Js',
  'plugin' => NULL,
  'prefix' => NULL,
  '_ext' => NULL,
)
Request URL: /js/angular/angular.min.js
Stack Trace:
#0 /var/www/clients/client2/web18/web/webroot/index.php(37): Cake\Routing\Dispatcher->dispatch(Object(Cake\Network\Request), Object(Cake\Network\Response))
#1 {main}


2015-01-27 15:34:26 Error: [Cake\Routing\Exception\MissingControllerException] Controller class Js could not be found.
Exception Attributes: array (
  'class' => 'Js',
  'plugin' => NULL,
  'prefix' => NULL,
  '_ext' => NULL,
)
Request URL: /js/angular/angular.min.js
Stack Trace:
#0 /var/www/clients/client2/web18/web/webroot/index.php(37): Cake\Routing\Dispatcher->dispatch(Object(Cake\Network\Request), Object(Cake\Network\Response))
#1 {main}


2015-01-27 15:35:00 Error: [Cake\Routing\Exception\MissingControllerException] Controller class Js could not be found.
Exception Attributes: array (
  'class' => 'Js',
  'plugin' => NULL,
  'prefix' => NULL,
  '_ext' => NULL,
)
Request URL: /js/angular/angular.min.js
Stack Trace:
#0 /var/www/clients/client2/web18/web/webroot/index.php(37): Cake\Routing\Dispatcher->dispatch(Object(Cake\Network\Request), Object(Cake\Network\Response))
#1 {main}


2015-01-27 15:35:02 Error: [Cake\Routing\Exception\MissingControllerException] Controller class Js could not be found.
Exception Attributes: array (
  'class' => 'Js',
  'plugin' => NULL,
  'prefix' => NULL,
  '_ext' => NULL,
)
Request URL: /js/angular/angular.min.js
Stack Trace:
#0 /var/www/clients/client2/web18/web/webroot/index.php(37): Cake\Routing\Dispatcher->dispatch(Object(Cake\Network\Request), Object(Cake\Network\Response))
#1 {main}


2015-01-27 15:35:11 Error: [Cake\Routing\Exception\MissingControllerException] Controller class Sync could not be found.
Exception Attributes: array (
  'class' => 'Sync',
  'plugin' => NULL,
  'prefix' => NULL,
  '_ext' => NULL,
)
Request URL: /Sync/contingent
Stack Trace:
#0 /var/www/clients/client2/web18/web/webroot/index.php(37): Cake\Routing\Dispatcher->dispatch(Object(Cake\Network\Request), Object(Cake\Network\Response))
#1 {main}


2015-01-27 15:35:24 Error: Fatal Error (4): syntax error, unexpected '$this' (T_VARIABLE) in [/var/www/clients/client2/web18/web/src/Controller/SyncController.php, line 33]
Trace:
Cake\Error\BaseErrorHandler::handleFatalError() - CORE/src/Error/BaseErrorHandler.php, line 191
Cake\Error\BaseErrorHandler::Cake\Error\{closure}() - CORE/src/Error/BaseErrorHandler.php, line 90
[main] - [internal], line ??



2015-01-27 15:35:24 Error: [Cake\Error\FatalErrorException] syntax error, unexpected '$this' (T_VARIABLE)
Request URL: /Sync/contingent
Stack Trace:
#0 /var/www/clients/client2/web18/web/vendor/cakephp/cakephp/src/Error/BaseErrorHandler.php(90): Cake\Error\BaseErrorHandler->handleFatalError(4, 'syntax error, u...', '/var/www/client...', 33)
#1 [internal function]: Cake\Error\BaseErrorHandler->Cake\Error\{closure}()
#2 {main}


2015-01-27 15:42:37 Error: [Cake\Routing\Exception\MissingControllerException] Controller class Js could not be found.
Exception Attributes: array (
  'class' => 'Js',
  'plugin' => NULL,
  'prefix' => NULL,
  '_ext' => NULL,
)
Request URL: /js/angular/angular.min.js
Stack Trace:
#0 /var/www/clients/client2/web18/web/webroot/index.php(37): Cake\Routing\Dispatcher->dispatch(Object(Cake\Network\Request), Object(Cake\Network\Response))
#1 {main}


2015-01-27 15:43:40 Error: [Cake\Routing\Exception\MissingControllerException] Controller class Js could not be found.
Exception Attributes: array (
  'class' => 'Js',
  'plugin' => NULL,
  'prefix' => NULL,
  '_ext' => NULL,
)
Request URL: /js/angular/angular.min.js
Stack Trace:
#0 /var/www/clients/client2/web18/web/webroot/index.php(37): Cake\Routing\Dispatcher->dispatch(Object(Cake\Network\Request), Object(Cake\Network\Response))
#1 {main}


2015-01-27 15:43:56 Error: [Cake\Routing\Exception\MissingControllerException] Controller class Js could not be found.
Exception Attributes: array (
  'class' => 'Js',
  'plugin' => NULL,
  'prefix' => NULL,
  '_ext' => NULL,
)
Request URL: /js/angular/angular.min.js
Stack Trace:
#0 /var/www/clients/client2/web18/web/webroot/index.php(37): Cake\Routing\Dispatcher->dispatch(Object(Cake\Network\Request), Object(Cake\Network\Response))
#1 {main}


2015-01-27 15:48:11 Error: [Cake\Routing\Exception\MissingControllerException] Controller class Js could not be found.
Exception Attributes: array (
  'class' => 'Js',
  'plugin' => NULL,
  'prefix' => NULL,
  '_ext' => NULL,
)
Request URL: /js/angular/angular.min.js
Stack Trace:
#0 /var/www/clients/client2/web18/web/webroot/index.php(37): Cake\Routing\Dispatcher->dispatch(Object(Cake\Network\Request), Object(Cake\Network\Response))
#1 {main}


2015-01-27 15:48:13 Error: [Cake\Routing\Exception\MissingControllerException] Controller class Js could not be found.
Exception Attributes: array (
  'class' => 'Js',
  'plugin' => NULL,
  'prefix' => NULL,
  '_ext' => NULL,
)
Request URL: /js/angular/angular.min.js
Stack Trace:
#0 /var/www/clients/client2/web18/web/webroot/index.php(37): Cake\Routing\Dispatcher->dispatch(Object(Cake\Network\Request), Object(Cake\Network\Response))
#1 {main}


2015-01-27 15:48:15 Error: [Cake\Routing\Exception\MissingControllerException] Controller class Js could not be found.
Exception Attributes: array (
  'class' => 'Js',
  'plugin' => NULL,
  'prefix' => NULL,
  '_ext' => NULL,
)
Request URL: /js/angular/angular.min.js
Stack Trace:
#0 /var/www/clients/client2/web18/web/webroot/index.php(37): Cake\Routing\Dispatcher->dispatch(Object(Cake\Network\Request), Object(Cake\Network\Response))
#1 {main}


2015-01-27 15:48:17 Error: [Cake\Routing\Exception\MissingControllerException] Controller class Js could not be found.
Exception Attributes: array (
  'class' => 'Js',
  'plugin' => NULL,
  'prefix' => NULL,
  '_ext' => NULL,
)
Request URL: /js/angular/angular.min.js
Stack Trace:
#0 /var/www/clients/client2/web18/web/webroot/index.php(37): Cake\Routing\Dispatcher->dispatch(Object(Cake\Network\Request), Object(Cake\Network\Response))
#1 {main}


2015-01-27 15:48:18 Error: [Cake\Routing\Exception\MissingControllerException] Controller class Js could not be found.
Exception Attributes: array (
  'class' => 'Js',
  'plugin' => NULL,
  'prefix' => NULL,
  '_ext' => NULL,
)
Request URL: /js/angular/angular.min.js
Stack Trace:
#0 /var/www/clients/client2/web18/web/webroot/index.php(37): Cake\Routing\Dispatcher->dispatch(Object(Cake\Network\Request), Object(Cake\Network\Response))
#1 {main}


2015-01-27 15:48:29 Error: [Cake\Routing\Exception\MissingControllerException] Controller class Js could not be found.
Exception Attributes: array (
  'class' => 'Js',
  'plugin' => NULL,
  'prefix' => NULL,
  '_ext' => NULL,
)
Request URL: /js/angular/angular.min.js
Stack Trace:
#0 /var/www/clients/client2/web18/web/webroot/index.php(37): Cake\Routing\Dispatcher->dispatch(Object(Cake\Network\Request), Object(Cake\Network\Response))
#1 {main}


2015-01-27 20:49:12 Error: [Cake\Routing\Exception\MissingControllerException] Controller class Js could not be found.
Exception Attributes: array (
  'class' => 'Js',
  'plugin' => NULL,
  'prefix' => NULL,
  '_ext' => NULL,
)
Request URL: /js/angular/angular.min.js
Stack Trace:
#0 /var/www/clients/client2/web18/web/webroot/index.php(37): Cake\Routing\Dispatcher->dispatch(Object(Cake\Network\Request), Object(Cake\Network\Response))
#1 {main}


2015-01-27 20:49:15 Error: [Cake\Routing\Exception\MissingControllerException] Controller class Js could not be found.
Exception Attributes: array (
  'class' => 'Js',
  'plugin' => NULL,
  'prefix' => NULL,
  '_ext' => NULL,
)
Request URL: /js/angular/angular.min.js
Stack Trace:
#0 /var/www/clients/client2/web18/web/webroot/index.php(37): Cake\Routing\Dispatcher->dispatch(Object(Cake\Network\Request), Object(Cake\Network\Response))
#1 {main}


2015-01-27 20:49:18 Error: [Cake\Routing\Exception\MissingControllerException] Controller class Js could not be found.
Exception Attributes: array (
  'class' => 'Js',
  'plugin' => NULL,
  'prefix' => NULL,
  '_ext' => NULL,
)
Request URL: /js/angular/angular.min.js
Stack Trace:
#0 /var/www/clients/client2/web18/web/webroot/index.php(37): Cake\Routing\Dispatcher->dispatch(Object(Cake\Network\Request), Object(Cake\Network\Response))
#1 {main}


2015-01-27 20:49:24 Error: [Cake\Routing\Exception\MissingControllerException] Controller class Js could not be found.
Exception Attributes: array (
  'class' => 'Js',
  'plugin' => NULL,
  'prefix' => NULL,
  '_ext' => NULL,
)
Request URL: /js/angular/angular.min.js
Stack Trace:
#0 /var/www/clients/client2/web18/web/webroot/index.php(37): Cake\Routing\Dispatcher->dispatch(Object(Cake\Network\Request), Object(Cake\Network\Response))
#1 {main}


2015-01-27 20:49:29 Error: [Cake\Routing\Exception\MissingControllerException] Controller class Js could not be found.
Exception Attributes: array (
  'class' => 'Js',
  'plugin' => NULL,
  'prefix' => NULL,
  '_ext' => NULL,
)
Request URL: /js/angular/angular.min.js
Stack Trace:
#0 /var/www/clients/client2/web18/web/webroot/index.php(37): Cake\Routing\Dispatcher->dispatch(Object(Cake\Network\Request), Object(Cake\Network\Response))
#1 {main}


2015-01-27 20:49:49 Error: [Cake\Routing\Exception\MissingControllerException] Controller class Js could not be found.
Exception Attributes: array (
  'class' => 'Js',
  'plugin' => NULL,
  'prefix' => NULL,
  '_ext' => NULL,
)
Request URL: /js/angular/angular.min.js
Stack Trace:
#0 /var/www/clients/client2/web18/web/webroot/index.php(37): Cake\Routing\Dispatcher->dispatch(Object(Cake\Network\Request), Object(Cake\Network\Response))
#1 {main}


2015-01-27 20:49:57 Error: [Cake\Routing\Exception\MissingControllerException] Controller class Js could not be found.
Exception Attributes: array (
  'class' => 'Js',
  'plugin' => NULL,
  'prefix' => NULL,
  '_ext' => NULL,
)
Request URL: /js/angular/angular.min.js
Stack Trace:
#0 /var/www/clients/client2/web18/web/webroot/index.php(37): Cake\Routing\Dispatcher->dispatch(Object(Cake\Network\Request), Object(Cake\Network\Response))
#1 {main}


2015-01-27 20:50:08 Error: [Cake\Routing\Exception\MissingControllerException] Controller class Js could not be found.
Exception Attributes: array (
  'class' => 'Js',
  'plugin' => NULL,
  'prefix' => NULL,
  '_ext' => NULL,
)
Request URL: /js/angular/angular.min.js
Stack Trace:
#0 /var/www/clients/client2/web18/web/webroot/index.php(37): Cake\Routing\Dispatcher->dispatch(Object(Cake\Network\Request), Object(Cake\Network\Response))
#1 {main}


2015-01-27 21:07:34 Error: [Cake\Routing\Exception\MissingControllerException] Controller class Js could not be found.
Exception Attributes: array (
  'class' => 'Js',
  'plugin' => NULL,
  'prefix' => NULL,
  '_ext' => NULL,
)
Request URL: /js/angular/angular.min.js
Stack Trace:
#0 /var/www/clients/client2/web18/web/webroot/index.php(37): Cake\Routing\Dispatcher->dispatch(Object(Cake\Network\Request), Object(Cake\Network\Response))
#1 {main}


2015-01-27 21:07:53 Error: [Cake\Routing\Exception\MissingControllerException] Controller class Js could not be found.
Exception Attributes: array (
  'class' => 'Js',
  'plugin' => NULL,
  'prefix' => NULL,
  '_ext' => NULL,
)
Request URL: /js/angular/angular.min.js
Stack Trace:
#0 /var/www/clients/client2/web18/web/webroot/index.php(37): Cake\Routing\Dispatcher->dispatch(Object(Cake\Network\Request), Object(Cake\Network\Response))
#1 {main}


2015-01-27 21:08:07 Error: [Cake\Routing\Exception\MissingControllerException] Controller class Js could not be found.
Exception Attributes: array (
  'class' => 'Js',
  'plugin' => NULL,
  'prefix' => NULL,
  '_ext' => NULL,
)
Request URL: /js/angular/angular.min.js
Stack Trace:
#0 /var/www/clients/client2/web18/web/webroot/index.php(37): Cake\Routing\Dispatcher->dispatch(Object(Cake\Network\Request), Object(Cake\Network\Response))
#1 {main}


2015-01-27 21:12:57 Error: [Cake\Routing\Exception\MissingControllerException] Controller class Js could not be found.
Exception Attributes: array (
  'class' => 'Js',
  'plugin' => NULL,
  'prefix' => NULL,
  '_ext' => NULL,
)
Request URL: /js/angular/angular.min.js
Stack Trace:
#0 /var/www/clients/client2/web18/web/webroot/index.php(37): Cake\Routing\Dispatcher->dispatch(Object(Cake\Network\Request), Object(Cake\Network\Response))
#1 {main}


